npm verb cli C:\Program Files\nodejs\node.exe C:\Program Files\nodejs\node_modules\npm\bin\npm-cli.js
npm info using npm@10.5.0
npm info using node@v20.12.1
npm verb title npm install
npm verb argv "install" "--legacy-peer-deps" "--loglevel" "verbose"
npm verb logfile logs-max:10 dir:C:\Users\Schuenck\AppData\Local\npm-cache\_logs\2024-07-30T18_28_12_540Z-
npm verb logfile C:\Users\Schuenck\AppData\Local\npm-cache\_logs\2024-07-30T18_28_12_540Z-debug-0.log
npm http fetch GET 200 https://registry.npmjs.org/@faker-js%2ffaker 30ms (cache hit)
npm http fetch GET 200 https://registry.npmjs.org/cypress-mochawesome-reporter 9ms (cache hit)
npm http fetch GET 200 https://registry.npmjs.org/browserstack-cypress-cli 10ms (cache hit)
npm http fetch GET 200 https://registry.npmjs.org/cypress 13ms (cache hit)
npm http fetch GET 200 https://registry.npmjs.org/browserstack-local 39ms (cache hit)
npm http fetch GET 200 https://registry.npmjs.org/async 46ms (cache hit)
npm http fetch GET 200 https://registry.npmjs.org/chalk 52ms (cache hit)
npm http fetch GET 200 https://registry.npmjs.org/archiver 67ms (cache hit)
npm http fetch GET 200 https://registry.npmjs.org/getmac 62ms (cache hit)
npm http fetch GET 200 https://registry.npmjs.org/fs-extra 98ms (cache hit)
npm http fetch GET 200 https://registry.npmjs.org/cli-progress 111ms (cache hit)
npm http fetch GET 200 https://registry.npmjs.org/git-repo-info 82ms (cache hit)
npm http fetch GET 200 https://registry.npmjs.org/git-last-commit 103ms (cache hit)
npm http fetch GET 200 https://registry.npmjs.org/gitconfiglocal 96ms (cache hit)
npm http fetch GET 200 https://registry.npmjs.org/glob 95ms (cache hit)
npm http fetch GET 200 https://registry.npmjs.org/mocha 87ms (cache hit)
npm http fetch GET 200 https://registry.npmjs.org/mkdirp 139ms (cache hit)
npm http fetch GET 200 https://registry.npmjs.org/node-ipc 141ms (cache hit)
npm http fetch GET 200 https://registry.npmjs.org/requestretry 132ms (cache hit)
npm http fetch GET 200 https://registry.npmjs.org/request 154ms (cache hit)
npm http fetch GET 200 https://registry.npmjs.org/table 141ms (cache hit)
npm http fetch GET 200 https://registry.npmjs.org/update-notifier 136ms (cache hit)
npm http fetch GET 200 https://registry.npmjs.org/uuid 68ms (cache hit)
npm http fetch GET 200 https://registry.npmjs.org/windows-release 81ms (cache hit)
npm http fetch GET 200 https://registry.npmjs.org/winston 82ms (cache hit)
npm http fetch GET 200 https://registry.npmjs.org/decompress 85ms (cache hit)
npm http fetch GET 200 https://registry.npmjs.org/yargs 105ms (cache hit)
npm http fetch GET 200 https://registry.npmjs.org/tmp 109ms (cache hit)
npm http fetch GET 200 https://registry.npmjs.org/arch 105ms (cache hit)
npm http fetch GET 200 https://registry.npmjs.org/debug 83ms (cache hit)
npm http fetch GET 200 https://registry.npmjs.org/dayjs 105ms (cache hit)
npm http fetch GET 200 https://registry.npmjs.org/execa 94ms (cache hit)
npm http fetch GET 200 https://registry.npmjs.org/is-ci 57ms (cache hit)
npm http fetch GET 200 https://registry.npmjs.org/getos 87ms (cache hit)
npm http fetch GET 200 https://registry.npmjs.org/yauzl 65ms (cache hit)
npm http fetch GET 200 https://registry.npmjs.org/buffer 66ms (cache hit)
npm http fetch GET 200 https://registry.npmjs.org/lodash 57ms (cache hit)
npm http fetch GET 200 https://registry.npmjs.org/listr2 77ms (cache hit)
npm http fetch GET 200 https://registry.npmjs.org/ospath 90ms (cache hit)
npm http fetch GET 200 https://registry.npmjs.org/semver 92ms (cache hit)
npm http fetch GET 200 https://registry.npmjs.org/figures 95ms (cache hit)
npm http fetch GET 200 https://registry.npmjs.org/cachedir 71ms (cache hit)
npm http fetch GET 200 https://registry.npmjs.org/process 92ms (cache hit)
npm http fetch GET 200 https://registry.npmjs.org/bluebird 88ms (cache hit)
npm http fetch GET 200 https://registry.npmjs.org/enquirer 65ms (cache hit)
npm http fetch GET 200 https://registry.npmjs.org/lazy-ass 59ms (cache hit)
npm http fetch GET 200 https://registry.npmjs.org/minimist 59ms (cache hit)
npm http fetch GET 200 https://registry.npmjs.org/blob-util 60ms (cache hit)
npm http fetch GET 200 https://registry.npmjs.org/commander 63ms (cache hit)
npm http fetch GET 200 https://registry.npmjs.org/cli-cursor 67ms (cache hit)
npm http fetch GET 200 https://registry.npmjs.org/untildify 84ms (cache hit)
npm http fetch GET 200 https://registry.npmjs.org/cli-table3 75ms (cache hit)
npm http fetch GET 200 https://registry.npmjs.org/executable 72ms (cache hit)
npm http fetch GET 200 https://registry.npmjs.org/extract-zip 64ms (cache hit)
npm http fetch GET 200 https://registry.npmjs.org/common-tags 73ms (cache hit)
npm http fetch GET 200 https://registry.npmjs.org/log-symbols 54ms (cache hit)
npm http fetch GET 200 https://registry.npmjs.org/pretty-bytes 52ms (cache hit)
npm http fetch GET 200 https://registry.npmjs.org/@cypress%2fxvfb 49ms (cache hit)
npm http fetch GET 200 https://registry.npmjs.org/@types%2fsizzle 51ms (cache hit)
npm http fetch GET 200 https://registry.npmjs.org/eventemitter2 52ms (cache hit)
npm http fetch GET 200 https://registry.npmjs.org/supports-color 50ms (cache hit)
npm http fetch GET 200 https://registry.npmjs.org/proxy-from-env 71ms (cache hit)
npm http fetch GET 200 https://registry.npmjs.org/@cypress%2frequest 65ms (cache hit)
npm http fetch GET 200 https://registry.npmjs.org/request-progress 62ms (cache hit)
npm http fetch GET 200 https://registry.npmjs.org/check-more-types 68ms (cache hit)
npm http fetch GET 200 https://registry.npmjs.org/is-installed-globally 65ms (cache hit)
npm http fetch GET 200 https://registry.npmjs.org/@types%2fsinonjs__fake-timers 60ms (cache hit)
npm http fetch GET 200 https://registry.npmjs.org/mochawesome 34ms (cache hit)
npm http fetch GET 200 https://registry.npmjs.org/mochawesome-merge 36ms (cache hit)
npm http fetch GET 200 https://registry.npmjs.org/mochawesome-report-generator 35ms (cache hit)
npm http fetch GET 200 https://registry.npmjs.org/archiver-utils 35ms (cache hit)
npm http fetch GET 200 https://registry.npmjs.org/readable-stream 36ms (cache hit)
npm http fetch GET 200 https://registry.npmjs.org/buffer-crc32 46ms (cache hit)
npm http fetch GET 200 https://registry.npmjs.org/readdir-glob 48ms (cache hit)
npm http fetch GET 200 https://registry.npmjs.org/zip-stream 48ms (cache hit)
npm http fetch GET 200 https://registry.npmjs.org/https-proxy-agent 55ms (cache hit)
npm http fetch GET 200 https://registry.npmjs.org/tar-stream 67ms (cache hit)
npm http fetch GET 200 https://registry.npmjs.org/ps-tree 55ms (cache hit)
npm http fetch GET 200 https://registry.npmjs.org/is-running 72ms (cache hit)
npm http fetch GET 200 https://registry.npmjs.org/temp-fs 60ms (cache hit)
npm http fetch GET 200 https://registry.npmjs.org/agent-base 61ms (cache hit)
npm http fetch GET 200 https://registry.npmjs.org/ansi-styles 60ms (cache hit)
npm http fetch GET 200 https://registry.npmjs.org/decompress-tar 46ms (cache hit)
npm http fetch GET 200 https://registry.npmjs.org/string-width 56ms (cache hit)
npm http fetch GET 200 https://registry.npmjs.org/decompress-tarbz2 49ms (cache hit)
npm http fetch GET 200 https://registry.npmjs.org/decompress-unzip 42ms (cache hit)
npm http fetch GET 200 https://registry.npmjs.org/decompress-targz 53ms (cache hit)
npm http fetch GET 200 https://registry.npmjs.org/graceful-fs 48ms (cache hit)
npm http fetch GET 200 https://registry.npmjs.org/make-dir 48ms (cache hit)
npm http fetch GET 200 https://registry.npmjs.org/strip-dirs 45ms (cache hit)
npm http fetch GET 200 https://registry.npmjs.org/pify 55ms (cache hit)
npm http fetch GET 200 https://registry.npmjs.org/jsonfile 43ms (cache hit)
npm http fetch GET 200 https://registry.npmjs.org/graceful-fs 51ms (cache hit)
npm http fetch GET 200 https://registry.npmjs.org/universalify 51ms (cache hit)
npm http fetch GET 200 https://registry.npmjs.org/once 41ms (cache hit)
npm http fetch GET 200 https://registry.npmjs.org/ini 50ms (cache hit)
npm http fetch GET 200 https://registry.npmjs.org/@types%2fnode 78ms (cache hit)
npm http fetch GET 200 https://registry.npmjs.org/inflight 274ms (cache hit)
npm http fetch GET 200 https://registry.npmjs.org/inherits 271ms (cache hit)
npm http fetch GET 200 https://registry.npmjs.org/minimatch 272ms (cache hit)
npm http fetch GET 200 https://registry.npmjs.org/fs.realpath 273ms (cache hit)
npm http fetch GET 200 https://registry.npmjs.org/path-is-absolute 273ms (cache hit)
npm http fetch GET 200 https://registry.npmjs.org/ansi-colors 272ms (cache hit)
npm http fetch GET 200 https://registry.npmjs.org/browser-stdout 53ms (cache hit)
npm http fetch GET 200 https://registry.npmjs.org/chokidar 52ms (cache hit)
npm http fetch GET 200 https://registry.npmjs.org/diff 63ms (cache hit)
npm http fetch GET 200 https://registry.npmjs.org/escape-string-regexp 58ms (cache hit)
npm http fetch GET 200 https://registry.npmjs.org/find-up 57ms (cache hit)
npm http fetch GET 200 https://registry.npmjs.org/he 60ms (cache hit)
npm http fetch GET 200 https://registry.npmjs.org/js-yaml 64ms (cache hit)
npm http fetch GET 200 https://registry.npmjs.org/serialize-javascript 58ms (cache hit)
npm http fetch GET 200 https://registry.npmjs.org/ms 71ms (cache hit)
npm http fetch GET 200 https://registry.npmjs.org/strip-json-comments 62ms (cache hit)
npm http fetch GET 200 https://registry.npmjs.org/workerpool 64ms (cache hit)
npm http fetch GET 200 https://registry.npmjs.org/yargs-unparser 58ms (cache hit)
npm http fetch GET 200 https://registry.npmjs.org/event-pubsub 51ms (cache hit)
npm http fetch GET 200 https://registry.npmjs.org/yargs-parser 70ms (cache hit)
npm http fetch GET 200 https://registry.npmjs.org/js-message 56ms (cache hit)
npm http fetch GET 200 https://registry.npmjs.org/js-queue 54ms (cache hit)
npm http fetch GET 200 https://registry.npmjs.org/aws-sign2 52ms (cache hit)
npm http fetch GET 200 https://registry.npmjs.org/caseless 41ms (cache hit)
npm http fetch GET 200 https://registry.npmjs.org/aws4 49ms (cache hit)
npm http fetch GET 200 https://registry.npmjs.org/forever-agent 33ms (cache hit)
npm http fetch GET 200 https://registry.npmjs.org/combined-stream 53ms (cache hit)
npm http fetch GET 200 https://registry.npmjs.org/form-data 43ms (cache hit)
npm http fetch GET 200 https://registry.npmjs.org/extend 55ms (cache hit)
npm http fetch GET 200 https://registry.npmjs.org/http-signature 46ms (cache hit)
npm http fetch GET 200 https://registry.npmjs.org/isstream 43ms (cache hit)
npm http fetch GET 200 https://registry.npmjs.org/har-validator 56ms (cache hit)
npm http fetch GET 200 https://registry.npmjs.org/is-typedarray 53ms (cache hit)
npm http fetch GET 200 https://registry.npmjs.org/json-stringify-safe 44ms (cache hit)
npm http fetch GET 200 https://registry.npmjs.org/oauth-sign 42ms (cache hit)
npm http fetch GET 200 https://registry.npmjs.org/mime-types 61ms (cache hit)
npm http fetch GET 200 https://registry.npmjs.org/performance-now 55ms (cache hit)
npm http fetch GET 200 https://registry.npmjs.org/qs 56ms (cache hit)
npm http fetch GET 200 https://registry.npmjs.org/safe-buffer 61ms (cache hit)
npm http fetch GET 200 https://registry.npmjs.org/tough-cookie 63ms (cache hit)
npm http fetch GET 200 https://registry.npmjs.org/tunnel-agent 66ms (cache hit)
npm http fetch GET 200 https://registry.npmjs.org/ajv 61ms (cache hit)
npm http fetch GET 200 https://registry.npmjs.org/slice-ansi 73ms (cache hit)
npm http fetch GET 200 https://registry.npmjs.org/boxen 63ms (cache hit)
npm http fetch GET 200 https://registry.npmjs.org/pupa 76ms (cache hit)
npm http fetch GET 200 https://registry.npmjs.org/is-npm 67ms (cache hit)
npm http fetch GET 200 https://registry.npmjs.org/is-in-ci 66ms (cache hit)
npm http fetch GET 200 https://registry.npmjs.org/configstore 67ms (cache hit)
npm http fetch GET 200 https://registry.npmjs.org/import-lazy 48ms (cache hit)
npm http fetch GET 200 https://registry.npmjs.org/semver-diff 43ms (cache hit)
npm http fetch GET 200 https://registry.npmjs.org/xdg-basedir 52ms (cache hit)
npm http fetch GET 200 https://registry.npmjs.org/latest-version 51ms (cache hit)
npm http fetch GET 200 https://registry.npmjs.org/eyes 50ms (cache hit)
npm http fetch GET 200 https://registry.npmjs.org/cycle 48ms (cache hit)
npm http fetch GET 200 https://registry.npmjs.org/colors 48ms (cache hit)
npm http fetch GET 200 https://registry.npmjs.org/stack-trace 49ms (cache hit)
npm http fetch GET 200 https://registry.npmjs.org/y18n 50ms (cache hit)
npm http fetch GET 200 https://registry.npmjs.org/cliui 46ms (cache hit)
npm http fetch GET 200 https://registry.npmjs.org/decamelize 46ms (cache hit)
npm http fetch GET 200 https://registry.npmjs.org/set-blocking 47ms (cache hit)
npm http fetch GET 200 https://registry.npmjs.org/which-module 50ms (cache hit)
npm http fetch GET 200 https://registry.npmjs.org/get-caller-file 45ms (cache hit)
npm http fetch GET 200 https://registry.npmjs.org/require-main-filename 40ms (cache hit)
npm http fetch GET 200 https://registry.npmjs.org/require-directory 45ms (cache hit)
npm http fetch GET 200 https://registry.npmjs.org/lodash.flatten 71ms (cache hit)
npm http fetch GET 200 https://registry.npmjs.org/lodash.isplainobject 76ms (cache hit)
npm http fetch GET 200 https://registry.npmjs.org/lodash.difference 83ms (cache hit)
npm http fetch GET 200 https://registry.npmjs.org/lazystream 91ms (cache hit)
npm http fetch GET 200 https://registry.npmjs.org/lodash.defaults 97ms (cache hit)
npm http fetch GET 200 https://registry.npmjs.org/lodash.union 93ms (cache hit)
npm http fetch GET 200 https://registry.npmjs.org/normalize-path 93ms (cache hit)
npm http fetch GET 200 https://registry.npmjs.org/util-deprecate 39ms (cache hit)
npm http fetch GET 200 https://registry.npmjs.org/string_decoder 44ms (cache hit)
npm http fetch GET 200 https://registry.npmjs.org/bl 40ms (cache hit)
npm http fetch GET 200 https://registry.npmjs.org/end-of-stream 41ms (cache hit)
npm http fetch GET 200 https://registry.npmjs.org/compress-commons 31ms (cache hit)
npm http fetch GET 200 https://registry.npmjs.org/fs-constants 39ms (cache hit)
npm http fetch GET 200 https://registry.npmjs.org/isarray 23ms (cache hit)
npm http fetch GET 200 https://registry.npmjs.org/core-util-is 27ms (cache hit)
npm http fetch GET 200 https://registry.npmjs.org/process-nextick-args 25ms (cache hit)
npm http fetch GET 200 https://registry.npmjs.org/rimraf 11ms (cache hit)
npm http fetch GET 200 https://registry.npmjs.org/event-stream 17ms (cache hit)
npm http fetch GET 200 https://registry.npmjs.org/color-convert 11ms (cache hit)
npm http fetch GET 200 https://registry.npmjs.org/has-flag 13ms (cache hit)
npm http fetch GET 200 https://registry.npmjs.org/color-name 7ms (cache hit)
npm http fetch GET 200 https://registry.npmjs.org/is-fullwidth-code-point 18ms (cache hit)
npm http fetch GET 200 https://registry.npmjs.org/emoji-regex 20ms (cache hit)
npm http fetch GET 200 https://registry.npmjs.org/strip-ansi 25ms (cache hit)
npm http fetch GET 200 https://registry.npmjs.org/ieee754 34ms (cache hit)
npm http fetch GET 200 https://registry.npmjs.org/lodash.once 45ms (cache hit)
npm http fetch GET 200 https://registry.npmjs.org/base64-js 44ms (cache hit)
npm http fetch GET 200 https://registry.npmjs.org/@colors%2fcolors 37ms (cache hit)
npm http fetch GET 200 https://registry.npmjs.org/onetime 39ms (cache hit)
npm http fetch GET 200 https://registry.npmjs.org/is-stream 41ms (cache hit)
npm http fetch GET 200 https://registry.npmjs.org/restore-cursor 49ms (cache hit)
npm http fetch GET 200 https://registry.npmjs.org/cross-spawn 40ms (cache hit)
npm http fetch GET 200 https://registry.npmjs.org/get-stream 52ms (cache hit)
npm http fetch GET 200 https://registry.npmjs.org/signal-exit 48ms (cache hit)
npm http fetch GET 200 https://registry.npmjs.org/human-signals 48ms (cache hit)
npm http fetch GET 200 https://registry.npmjs.org/merge-stream 61ms (cache hit)
npm http fetch GET 200 https://registry.npmjs.org/npm-run-path 61ms (cache hit)
npm http fetch GET 200 https://registry.npmjs.org/strip-final-newline 58ms (cache hit)
npm http fetch GET 200 https://registry.npmjs.org/get-stream 53ms (cache hit)
npm http fetch GET 200 https://registry.npmjs.org/@types%2fyauzl 51ms (cache hit)
npm http fetch GET 200 https://registry.npmjs.org/is-path-inside 30ms (cache hit)
npm http fetch GET 200 https://registry.npmjs.org/at-least-node 52ms (cache hit)
npm http fetch GET 200 https://registry.npmjs.org/global-dirs 39ms (cache hit)
npm http fetch GET 200 https://registry.npmjs.org/ci-info 50ms (cache hit)
npm http fetch GET 200 https://registry.npmjs.org/rfdc 45ms (cache hit)
npm http fetch GET 200 https://registry.npmjs.org/through 39ms (cache hit)
npm http fetch GET 200 https://registry.npmjs.org/p-map 46ms (cache hit)
npm http fetch GET 200 https://registry.npmjs.org/rxjs 58ms (cache hit)
npm http fetch GET 200 https://registry.npmjs.org/wrap-ansi 67ms (cache hit)
npm http fetch GET 200 https://registry.npmjs.org/colorette 72ms (cache hit)
npm http fetch GET 200 https://registry.npmjs.org/log-update 61ms (cache hit)
npm http fetch GET 200 https://registry.npmjs.org/cli-truncate 62ms (cache hit)
npm http fetch GET 200 https://registry.npmjs.org/fd-slicer 27ms (cache hit)
npm http fetch GET 200 https://registry.npmjs.org/is-unicode-supported 57ms (cache hit)
npm http fetch GET 200 https://registry.npmjs.org/throttleit 52ms (cache hit)
npm http fetch GET 200 https://registry.npmjs.org/delayed-stream 34ms (cache hit)
npm http fetch GET 200 https://registry.npmjs.org/asynckit 36ms (cache hit)
npm http fetch GET 200 https://registry.npmjs.org/assert-plus 37ms (cache hit)
npm http fetch GET 200 https://registry.npmjs.org/sshpk 37ms (cache hit)
npm http fetch GET 200 https://registry.npmjs.org/jsprim 43ms (cache hit)
npm http fetch GET 200 https://registry.npmjs.org/mime-db 42ms (cache hit)
npm http fetch GET 200 https://registry.npmjs.org/side-channel 43ms (cache hit)
npm http fetch GET 200 https://registry.npmjs.org/psl 28ms (cache hit)
npm http fetch GET 200 https://registry.npmjs.org/url-parse 26ms (cache hit)
npm http fetch GET 200 https://registry.npmjs.org/punycode 34ms (cache hit)
npm http fetch GET 200 https://registry.npmjs.org/lodash.isstring 39ms (cache hit)
npm http fetch GET 200 https://registry.npmjs.org/lodash.isobject 42ms (cache hit)
npm http fetch GET 200 https://registry.npmjs.org/lodash.isempty 48ms (cache hit)
npm http fetch GET 200 https://registry.npmjs.org/lodash.isfunction 51ms (cache hit)
npm http fetch GET 200 https://registry.npmjs.org/escape-html 46ms (cache hit)
npm http fetch GET 200 https://registry.npmjs.org/dateformat 51ms (cache hit)
npm http fetch GET 200 https://registry.npmjs.org/fsu 51ms (cache hit)
npm http fetch GET 200 https://registry.npmjs.org/prop-types 30ms (cache hit)
npm http fetch GET 200 https://registry.npmjs.org/opener 37ms (cache hit)
npm http fetch GET 200 https://registry.npmjs.org/tcomb 31ms (cache hit)
npm http fetch GET 200 https://registry.npmjs.org/tcomb-validation 34ms (cache hit)
npm http fetch GET 200 https://registry.npmjs.org/validator 34ms (cache hit)
npm http fetch GET 200 https://registry.npmjs.org/seek-bzip 27ms (cache hit)
npm http fetch GET 200 https://registry.npmjs.org/file-type 33ms (cache hit)
npm http fetch GET 200 https://registry.npmjs.org/unbzip2-stream 41ms (cache hit)
npm http fetch GET 200 https://registry.npmjs.org/file-type 49ms (cache hit)
npm http fetch GET 200 https://registry.npmjs.org/is-natural-number 47ms (cache hit)
npm http fetch GET 200 https://registry.npmjs.org/file-type 53ms (cache hit)
npm http fetch GET 200 https://registry.npmjs.org/to-buffer 21ms (cache hit)
npm http fetch GET 200 https://registry.npmjs.org/buffer-alloc 24ms (cache hit)
npm http fetch GET 200 https://registry.npmjs.org/xtend 23ms (cache hit)
npm http fetch GET 200 https://registry.npmjs.org/object-assign 10ms (cache hit)
npm http fetch GET 200 https://registry.npmjs.org/pinkie-promise 12ms (cache hit)
npm http fetch GET 200 https://registry.npmjs.org/ansi-regex 7ms (cache hit)
npm http fetch GET 200 https://registry.npmjs.org/path-key 30ms (cache hit)
npm http fetch GET 200 https://registry.npmjs.org/which 30ms (cache hit)
npm http fetch GET 200 https://registry.npmjs.org/shebang-command 34ms (cache hit)
npm http fetch GET 200 https://registry.npmjs.org/pump 33ms (cache hit)
npm http fetch GET 200 https://registry.npmjs.org/mimic-fn 33ms (cache hit)
npm http fetch GET 200 https://registry.npmjs.org/path-key 35ms (cache hit)
npm http fetch GET 200 https://registry.npmjs.org/shebang-regex 10ms (cache hit)
npm http fetch GET 200 https://registry.npmjs.org/isexe 10ms (cache hit)
npm http fetch GET 200 https://registry.npmjs.org/undici-types 7ms (cache hit)
npm http fetch GET 200 https://registry.npmjs.org/pinkie 11ms (cache hit)
npm http fetch GET 200 https://registry.npmjs.org/brace-expansion 9ms (cache hit)
npm http fetch GET 200 https://registry.npmjs.org/wrappy 12ms (cache hit)
npm http fetch GET 200 https://registry.npmjs.org/json-schema 25ms (cache hit)
npm http fetch GET 200 https://registry.npmjs.org/dashdash 25ms (cache hit)
npm http fetch GET 200 https://registry.npmjs.org/verror 37ms (cache hit)
npm http fetch GET 200 https://registry.npmjs.org/extsprintf 43ms (cache hit)
npm http fetch GET 200 https://registry.npmjs.org/getpass 40ms (cache hit)
npm http fetch GET 200 https://registry.npmjs.org/asn1 43ms (cache hit)
npm http fetch GET 200 https://registry.npmjs.org/safer-buffer 42ms (cache hit)
npm http fetch GET 200 https://registry.npmjs.org/jsbn 34ms (cache hit)
npm http fetch GET 200 https://registry.npmjs.org/ecc-jsbn 23ms (cache hit)
npm http fetch GET 200 https://registry.npmjs.org/bcrypt-pbkdf 22ms (cache hit)
npm http fetch GET 200 https://registry.npmjs.org/tweetnacl 35ms (cache hit)
npm http fetch GET 200 https://registry.npmjs.org/aggregate-error 22ms (cache hit)
npm http fetch GET 200 https://registry.npmjs.org/tslib 24ms (cache hit)
npm http fetch GET 200 https://registry.npmjs.org/ansi-escapes 31ms (cache hit)
npm http fetch GET 200 https://registry.npmjs.org/astral-regex 7ms (cache hit)
npm http fetch GET 200 https://registry.npmjs.org/type-fest 10ms (cache hit)
npm http fetch GET 200 https://registry.npmjs.org/balanced-match 10ms (cache hit)
npm http fetch GET 200 https://registry.npmjs.org/concat-map 12ms (cache hit)
npm http fetch GET 200 https://registry.npmjs.org/braces 35ms (cache hit)
npm http fetch GET 200 https://registry.npmjs.org/glob-parent 38ms (cache hit)
npm http fetch GET 200 https://registry.npmjs.org/anymatch 46ms (cache hit)
npm http fetch GET 200 https://registry.npmjs.org/is-binary-path 47ms (cache hit)
npm http fetch GET 200 https://registry.npmjs.org/is-glob 50ms (cache hit)
npm http fetch GET 200 https://registry.npmjs.org/readdirp 49ms (cache hit)
npm http fetch GET 200 https://registry.npmjs.org/fsevents 55ms (cache hit)
npm http fetch GET 200 https://registry.npmjs.org/locate-path 59ms (cache hit)
npm http fetch GET 200 https://registry.npmjs.org/path-exists 58ms (cache hit)
npm http fetch GET 200 https://registry.npmjs.org/randombytes 49ms (cache hit)
npm http fetch GET 200 https://registry.npmjs.org/escalade 48ms (cache hit)
npm http fetch GET 200 https://registry.npmjs.org/argparse 60ms (cache hit)
npm http fetch GET 200 https://registry.npmjs.org/flat 38ms (cache hit)
npm http fetch GET 200 https://registry.npmjs.org/camelcase 49ms (cache hit)
npm http fetch GET 200 https://registry.npmjs.org/is-plain-obj 24ms (cache hit)
npm http fetch GET 200 https://registry.npmjs.org/fill-range 30ms (cache hit)
npm http fetch GET 200 https://registry.npmjs.org/is-extglob 30ms (cache hit)
npm http fetch GET 200 https://registry.npmjs.org/binary-extensions 34ms (cache hit)
npm http fetch GET 200 https://registry.npmjs.org/picomatch 41ms (cache hit)
npm http fetch GET 200 https://registry.npmjs.org/picomatch 40ms (cache hit)
npm http fetch GET 200 https://registry.npmjs.org/to-regex-range 6ms (cache hit)
npm http fetch GET 200 https://registry.npmjs.org/is-number 6ms (cache hit)
npm http fetch GET 200 https://registry.npmjs.org/p-locate 7ms (cache hit)
npm http fetch GET 200 https://registry.npmjs.org/p-limit 6ms (cache hit)
npm http fetch GET 200 https://registry.npmjs.org/loose-envify 17ms (cache hit)
npm http fetch GET 200 https://registry.npmjs.org/react-is 27ms (cache hit)
npm http fetch GET 200 https://registry.npmjs.org/easy-stack 14ms (cache hit)
npm http fetch GET 200 https://registry.npmjs.org/yocto-queue 8ms (cache hit)
npm http fetch GET 200 https://registry.npmjs.org/clean-stack 12ms (cache hit)
npm http fetch GET 200 https://registry.npmjs.org/indent-string 12ms (cache hit)
npm http fetch GET 200 https://registry.npmjs.org/js-tokens 8ms (cache hit)
npm http fetch GET 200 https://registry.npmjs.org/from 28ms (cache hit)
npm http fetch GET 200 https://registry.npmjs.org/duplexer 33ms (cache hit)
npm http fetch GET 200 https://registry.npmjs.org/map-stream 32ms (cache hit)
npm http fetch GET 200 https://registry.npmjs.org/pause-stream 33ms (cache hit)
npm http fetch GET 200 https://registry.npmjs.org/split 32ms (cache hit)
npm http fetch GET 200 https://registry.npmjs.org/stream-combiner 34ms (cache hit)
npm http fetch GET 200 https://registry.npmjs.org/call-bind 18ms (cache hit)
npm http fetch GET 200 https://registry.npmjs.org/get-intrinsic 17ms (cache hit)
npm http fetch GET 200 https://registry.npmjs.org/es-errors 20ms (cache hit)
npm http fetch GET 200 https://registry.npmjs.org/object-inspect 20ms (cache hit)
npm http fetch GET 200 https://registry.npmjs.org/har-schema 17ms (cache hit)
npm http fetch GET 200 https://registry.npmjs.org/uri-js 19ms (cache hit)
npm http fetch GET 200 https://registry.npmjs.org/json-schema-traverse 18ms (cache hit)
npm http fetch GET 200 https://registry.npmjs.org/fast-deep-equal 21ms (cache hit)
npm http fetch GET 200 https://registry.npmjs.org/fast-json-stable-stringify 21ms (cache hit)
npm http fetch GET 200 https://registry.npmjs.org/function-bind 29ms (cache hit)
npm http fetch GET 200 https://registry.npmjs.org/es-define-property 33ms (cache hit)
npm http fetch GET 200 https://registry.npmjs.org/set-function-length 31ms (cache hit)
npm http fetch GET 200 https://registry.npmjs.org/has-proto 32ms (cache hit)
npm http fetch GET 200 https://registry.npmjs.org/hasown 31ms (cache hit)
npm http fetch GET 200 https://registry.npmjs.org/has-symbols 33ms (cache hit)
npm http fetch GET 200 https://registry.npmjs.org/define-data-property 13ms (cache hit)
npm http fetch GET 200 https://registry.npmjs.org/has-property-descriptors 13ms (cache hit)
npm http fetch GET 200 https://registry.npmjs.org/gopd 15ms (cache hit)
npm http fetch GET 200 https://registry.npmjs.org/querystringify 10ms (cache hit)
npm http fetch GET 200 https://registry.npmjs.org/requires-port 11ms (cache hit)
npm http fetch GET 200 https://registry.npmjs.org/ansi-align 37ms (cache hit)
npm http fetch GET 200 https://registry.npmjs.org/cli-boxes 46ms (cache hit)
npm http fetch GET 200 https://registry.npmjs.org/dot-prop 37ms (cache hit)
npm http fetch GET 200 https://registry.npmjs.org/widest-line 46ms (cache hit)
npm http fetch GET 200 https://registry.npmjs.org/write-file-atomic 36ms (cache hit)
npm http fetch GET 200 https://registry.npmjs.org/unique-string 42ms (cache hit)
npm http fetch GET 200 https://registry.npmjs.org/package-json 38ms (cache hit)
npm http fetch GET 200 https://registry.npmjs.org/escape-goat 22ms (cache hit)
npm http fetch GET 200 https://registry.npmjs.org/eastasianwidth 11ms (cache hit)
npm http fetch GET 200 https://registry.npmjs.org/typedarray-to-buffer 14ms (cache hit)
npm http fetch GET 200 https://registry.npmjs.org/is-obj 22ms (cache hit)
npm http fetch GET 200 https://registry.npmjs.org/crypto-random-string 22ms (cache hit)
npm http fetch GET 200 https://registry.npmjs.org/imurmurhash 24ms (cache hit)
npm http fetch GET 200 https://registry.npmjs.org/registry-auth-token 18ms (cache hit)
npm http fetch GET 200 https://registry.npmjs.org/got 25ms (cache hit)
npm http fetch GET 200 https://registry.npmjs.org/registry-url 36ms (cache hit)
npm http fetch GET 200 https://registry.npmjs.org/http2-wrapper 32ms (cache hit)
npm http fetch GET 200 https://registry.npmjs.org/lowercase-keys 37ms (cache hit)
npm http fetch GET 200 https://registry.npmjs.org/cacheable-lookup 39ms (cache hit)
npm http fetch GET 200 https://registry.npmjs.org/p-cancelable 51ms (cache hit)
npm http fetch GET 200 https://registry.npmjs.org/responselike 54ms (cache hit)
npm http fetch GET 200 https://registry.npmjs.org/@sindresorhus%2fis 63ms (cache hit)
npm http fetch GET 200 https://registry.npmjs.org/cacheable-request 72ms (cache hit)
npm http fetch GET 200 https://registry.npmjs.org/form-data-encoder 68ms (cache hit)
npm http fetch GET 200 https://registry.npmjs.org/decompress-response 68ms (cache hit)
npm http fetch GET 200 https://registry.npmjs.org/rc 55ms (cache hit)
npm http fetch GET 200 https://registry.npmjs.org/@szmarczak%2fhttp-timer 69ms (cache hit)
npm http fetch GET 200 https://registry.npmjs.org/@pnpm%2fnpm-conf 67ms (cache hit)
npm http fetch GET 200 https://registry.npmjs.org/http-cache-semantics 32ms (cache hit)
npm http fetch GET 200 https://registry.npmjs.org/defer-to-connect 45ms (cache hit)
npm http fetch GET 200 https://registry.npmjs.org/keyv 41ms (cache hit)
npm http fetch GET 200 https://registry.npmjs.org/@types%2fhttp-cache-semantics 51ms (cache hit)
npm http fetch GET 200 https://registry.npmjs.org/mimic-response 47ms (cache hit)
npm http fetch GET 200 https://registry.npmjs.org/mimic-response 44ms (cache hit)
npm http fetch GET 200 https://registry.npmjs.org/normalize-url 49ms (cache hit)
npm http fetch GET 200 https://registry.npmjs.org/quick-lru 29ms (cache hit)
npm http fetch GET 200 https://registry.npmjs.org/resolve-alpn 25ms (cache hit)
npm http fetch GET 200 https://registry.npmjs.org/json-buffer 7ms (cache hit)
npm http fetch GET 200 https://registry.npmjs.org/@pnpm%2fnetwork.ca-file 19ms (cache hit)
npm http fetch GET 200 https://registry.npmjs.org/@pnpm%2fconfig.env-replace 23ms (cache hit)
npm http fetch GET 200 https://registry.npmjs.org/config-chain 22ms (cache hit)
npm http fetch GET 200 https://registry.npmjs.org/proto-list 7ms (cache hit)
npm http fetch GET 200 https://registry.npmjs.org/deep-extend 8ms (cache hit)
npm http fetch GET 200 https://registry.npmjs.org/pend 7ms (cache hit)
npm http fetch GET 200 https://registry.npmjs.org/crc32-stream 9ms (cache hit)
npm http fetch GET 200 https://registry.npmjs.org/crc-32 8ms (cache hit)
npm http fetch GET 200 https://registry.npmjs.org/buffer-fill 14ms (cache hit)
npm http fetch GET 200 https://registry.npmjs.org/buffer-alloc-unsafe 16ms (cache hit)
npm http fetch GET 200 https://registry.npmjs.org/p-try 7ms (cache hit)
npm verb reify failed optional dependency C:\Users\Schuenck\Desktop\Pós - Automação\Automação de Testes WEB\project\Trabalho de conclusão Web\automacao-web-pgats\tmpBstackPackages\node_modules\fsevents
npm http fetch POST 200 https://registry.npmjs.org/-/npm/v1/security/advisories/bulk 2358ms
npm WARN deprecated inflight@1.0.6: This module is not supported, and leaks memory. Do not use it. Check out lru-cache if you want a good and tested way to coalesce async requests by a key value, which is much more comprehensive and powerful.
npm WARN deprecated rimraf@2.5.4: Rimraf versions prior to v4 are no longer supported
npm WARN deprecated har-validator@5.1.5: this library is no longer supported
npm WARN deprecated glob@7.2.3: Glob versions prior to v9 are no longer supported
npm WARN deprecated glob@8.1.0: Glob versions prior to v9 are no longer supported
npm WARN deprecated uuid@3.4.0: Please upgrade  to version 7 or higher.  Older versions may use Math.random() in certain circumstances, which is known to be problematic.  See https://v8.dev/blog/math-random for details.
npm WARN deprecated request@2.88.2: request has been deprecated, see https://github.com/request/request/issues/3142
npm info run cypress@13.13.1 postinstall node_modules/cypress node index.js --exec install
npm info run cypress@13.13.1 postinstall { code: 0, signal: null }

added 501 packages, and audited 502 packages in 46s

96 packages are looking for funding
  run `npm fund` for details

3 moderate severity vulnerabilities

To address all issues (including breaking changes), run:
  npm audit fix --force

Run `npm audit` for details.
npm verb exit 0
npm info ok 
